🔧 Bootstrapping AutoPush Service...
🗑️  Removed stale lock file
🚀 Starting AutoPush Service for Termisol
📍 Repository: /home/house/termisol
📂 Loaded previous state: 446 tracked files
✅ AutoPush Service started successfully
⏱️  Pushing changes older than 10 seconds
🔄 AutoPush service is monitoring for changes...
📝 Detected 3 changed files
⏳ File .devin/auto_push.log is too recent (0s old)
📝 Detected 1 changed files
⏳ File .devin/auto_push_state.json is too recent (5s old)
📝 Detected 1 changed files
⏳ File .devin/auto_push_state.json is too recent (5s old)
📝 Detected 1 changed files
⏳ File .devin/auto_push_state.json is too recent (5s old)
📝 Detected 1 changed files
⏳ File .devin/auto_push_state.json is too recent (5s old)
📝 Detected 1 changed files
⏳ File .devin/auto_push_state.json is too recent (5s old)
📝 Detected 1 changed files
⏳ File .devin/auto_push_state.json is too recent (5s old)
📝 Detected 1 changed files
⏳ File .devin/auto_push_state.json is too recent (5s old)
📝 Detected 2 changed files
⏳ File .devin/auto_push_state.json is too recent (5s old)
📝 Detected 2 changed files
⏳ File .env.example is too recent (5s old)
📝 Detected 1 changed files
⏳ File PERSONAL_FEATURES_SUMMARY.md is too recent (0s old)
📝 Detected 1 changed files
⏳ File PERSONAL_FEATURES_SUMMARY.md is too recent (3s old)
