🚀 Starting Termisol AutoPush Service
📍 Repository: /home/house/termisol
✅ Service is running (PID: 838368)
🔄 Service already running, checking health...
💓 Service is healthy (last heartbeat: 28s ago)
🚀 Starting Termisol AutoPush Service
📍 Repository: /home/house/termisol
✅ Service is running (PID: 838368)
🔄 Service already running, checking health...
💓 Service is healthy (last heartbeat: 28s ago)
🚀 Starting Termisol AutoPush Service
📍 Repository: /home/house/termisol
✅ Service is running (PID: 838368)
🔄 Service already running, checking health...
💓 Service is healthy (last heartbeat: 28s ago)
🚀 Starting Termisol AutoPush Service
📍 Repository: /home/house/termisol
✅ Service is running (PID: 838368)
🔄 Service already running, checking health...
💓 Service is healthy (last heartbeat: 29s ago)
